[2022-05-03T18:05:08.315+0000][0.018s] Heap region size: 1M
[2022-05-03T18:05:08.612+0000][0.314s] Using G1
[2022-05-03T18:05:08.612+0000][0.315s] Heap address: 0x00000000e0000000, size: 512 MB, Compressed Oops mode: 32-bit
[2022-05-03T18:05:08.613+0000][0.316s] Mark closed archive regions in map: [0x00000000ffe00000, 0x00000000ffe65ff8]
[2022-05-03T18:05:08.614+0000][0.317s] Mark open archive regions in map: [0x00000000ffc00000, 0x00000000ffc42ff8]
[2022-05-03T18:05:10.644+0000][2.347s] GC(0) Pause Young (Normal) (G1 Evacuation Pause)
[2022-05-03T18:05:10.647+0000][2.350s] GC(0) Using 8 workers of 8 for evacuation
[2022-05-03T18:05:10.671+0000][2.373s] GC(0)   Pre Evacuate Collection Set: 0.0ms
[2022-05-03T18:05:10.671+0000][2.374s] GC(0)   Evacuate Collection Set: 15.2ms
[2022-05-03T18:05:10.672+0000][2.374s] GC(0)   Post Evacuate Collection Set: 3.1ms
[2022-05-03T18:05:10.672+0000][2.375s] GC(0)   Other: 8.2ms
[2022-05-03T18:05:10.672+0000][2.375s] GC(0) Eden regions: 30->0(303)
[2022-05-03T18:05:10.673+0000][2.376s] GC(0) Survivor regions: 0->4(4)
[2022-05-03T18:05:10.673+0000][2.376s] GC(0) Old regions: 2->2
[2022-05-03T18:05:10.674+0000][2.376s] GC(0) Humongous regions: 0->0
[2022-05-03T18:05:10.674+0000][2.377s] GC(0) Metaspace: 9238K->9238K(1058816K)
[2022-05-03T18:05:10.674+0000][2.377s] GC(0) Pause Young (Normal) (G1 Evacuation Pause) 30M->4M(512M) 30.370ms
[2022-05-03T18:05:10.675+0000][2.378s] GC(0) User=0.14s Sys=0.01s Real=0.03s
[2022-05-03T18:05:15.266+0000][6.969s] GC(1) Pause Young (Concurrent Start) (Metadata GC Threshold)
[2022-05-03T18:05:15.267+0000][6.970s] GC(1) Using 8 workers of 8 for evacuation
[2022-05-03T18:05:15.348+0000][7.050s] GC(1)   Pre Evacuate Collection Set: 0.1ms
[2022-05-03T18:05:15.349+0000][7.051s] GC(1)   Evacuate Collection Set: 74.0ms
[2022-05-03T18:05:15.349+0000][7.052s] GC(1)   Post Evacuate Collection Set: 4.8ms
[2022-05-03T18:05:15.350+0000][7.053s] GC(1)   Other: 2.6ms
[2022-05-03T18:05:15.351+0000][7.054s] GC(1) Eden regions: 85->0(76)
[2022-05-03T18:05:15.352+0000][7.055s] GC(1) Survivor regions: 4->19(39)
[2022-05-03T18:05:15.353+0000][7.056s] GC(1) Old regions: 2->2
[2022-05-03T18:05:15.354+0000][7.057s] GC(1) Humongous regions: 4->4
[2022-05-03T18:05:15.355+0000][7.057s] GC(1) Metaspace: 20533K->20533K(1069056K)
[2022-05-03T18:05:15.356+0000][7.058s] GC(1) Pause Young (Concurrent Start) (Metadata GC Threshold) 92M->23M(512M) 89.615ms
[2022-05-03T18:05:15.356+0000][7.059s] GC(1) User=0.49s Sys=0.00s Real=0.09s
[2022-05-03T18:05:15.358+0000][7.060s] GC(2) Concurrent Cycle
[2022-05-03T18:05:15.361+0000][7.064s] GC(2) Concurrent Clear Claimed Marks
[2022-05-03T18:05:15.368+0000][7.071s] GC(2) Concurrent Clear Claimed Marks 6.684ms
[2022-05-03T18:05:15.370+0000][7.073s] GC(2) Concurrent Scan Root Regions
[2022-05-03T18:05:15.394+0000][7.097s] GC(2) Concurrent Scan Root Regions 23.834ms
[2022-05-03T18:05:15.395+0000][7.098s] GC(2) Concurrent Mark (7.098s)
[2022-05-03T18:05:15.396+0000][7.099s] GC(2) Concurrent Mark From Roots
[2022-05-03T18:05:15.397+0000][7.100s] GC(2) Using 2 workers of 2 for marking
[2022-05-03T18:05:15.428+0000][7.131s] GC(2) Concurrent Mark From Roots 31.847ms
[2022-05-03T18:05:15.429+0000][7.132s] GC(2) Concurrent Preclean
[2022-05-03T18:05:15.430+0000][7.133s] GC(2) Concurrent Preclean 1.489ms
[2022-05-03T18:05:15.432+0000][7.135s] GC(2) Concurrent Mark (7.098s, 7.135s) 37.053ms
[2022-05-03T18:05:15.435+0000][7.138s] GC(2) Pause Remark
[2022-05-03T18:05:15.452+0000][7.155s] GC(2) Cleaned string and symbol table, strings: 8908 processed, 0 removed, symbols: 60649 processed, 39 removed
[2022-05-03T18:05:15.455+0000][7.157s] GC(2) Pause Remark 24M->24M(512M) 19.533ms
[2022-05-03T18:05:15.456+0000][7.159s] GC(2) User=0.11s Sys=0.00s Real=0.02s
[2022-05-03T18:05:15.457+0000][7.160s] GC(2) Concurrent Rebuild Remembered Sets
[2022-05-03T18:05:15.465+0000][7.168s] GC(2) Concurrent Rebuild Remembered Sets 8.156ms
[2022-05-03T18:05:15.467+0000][7.170s] GC(2) Pause Cleanup
[2022-05-03T18:05:15.469+0000][7.172s] GC(2) Pause Cleanup 24M->24M(512M) 1.773ms
[2022-05-03T18:05:15.470+0000][7.173s] GC(2) User=0.01s Sys=0.01s Real=0.01s
[2022-05-03T18:05:15.471+0000][7.174s] GC(2) Concurrent Cleanup for Next Mark
[2022-05-03T18:05:15.474+0000][7.176s] GC(2) Concurrent Cleanup for Next Mark 2.539ms
[2022-05-03T18:05:15.475+0000][7.177s] GC(2) Concurrent Cycle 116.869ms
[2022-05-03T18:05:18.191+0000][9.894s] GC(3) Pause Young (Normal) (G1 Evacuation Pause)
[2022-05-03T18:05:18.192+0000][9.895s] GC(3) Using 8 workers of 8 for evacuation
[2022-05-03T18:05:18.271+0000][9.974s] GC(3)   Pre Evacuate Collection Set: 0.0ms
[2022-05-03T18:05:18.272+0000][9.975s] GC(3)   Evacuate Collection Set: 66.3ms
[2022-05-03T18:05:18.273+0000][9.976s] GC(3)   Post Evacuate Collection Set: 12.3ms
[2022-05-03T18:05:18.273+0000][9.976s] GC(3)   Other: 1.7ms
[2022-05-03T18:05:18.274+0000][9.977s] GC(3) Eden regions: 40->0(91)
[2022-05-03T18:05:18.275+0000][9.977s] GC(3) Survivor regions: 19->2(8)
[2022-05-03T18:05:18.275+0000][9.978s] GC(3) Old regions: 2->21
[2022-05-03T18:05:18.276+0000][9.979s] GC(3) Humongous regions: 4->4
[2022-05-03T18:05:18.276+0000][9.979s] GC(3) Metaspace: 25981K->25981K(1073152K)
[2022-05-03T18:05:18.277+0000][9.980s] GC(3) Pause Young (Normal) (G1 Evacuation Pause) 63M->25M(512M) 85.961ms
[2022-05-03T18:05:18.278+0000][9.981s] GC(3) User=0.50s Sys=0.02s Real=0.08s
[2022-05-03T18:05:20.554+0000][12.257s] GC(4) Pause Young (Concurrent Start) (Metadata GC Threshold)
[2022-05-03T18:05:20.555+0000][12.258s] GC(4) Using 8 workers of 8 for evacuation
[2022-05-03T18:05:20.577+0000][12.279s] GC(4)   Pre Evacuate Collection Set: 0.2ms
[2022-05-03T18:05:20.577+0000][12.280s] GC(4)   Evacuate Collection Set: 18.0ms
[2022-05-03T18:05:20.578+0000][12.281s] GC(4)   Post Evacuate Collection Set: 2.7ms
[2022-05-03T18:05:20.578+0000][12.281s] GC(4)   Other: 1.7ms
[2022-05-03T18:05:20.579+0000][12.281s] GC(4) Eden regions: 82->0(107)
[2022-05-03T18:05:20.579+0000][12.282s] GC(4) Survivor regions: 2->6(12)
[2022-05-03T18:05:20.580+0000][12.282s] GC(4) Old regions: 21->21
[2022-05-03T18:05:20.580+0000][12.283s] GC(4) Humongous regions: 4->4
[2022-05-03T18:05:20.580+0000][12.283s] GC(4) Metaspace: 34809K->34809K(1081344K)
[2022-05-03T18:05:20.581+0000][12.284s] GC(4) Pause Young (Concurrent Start) (Metadata GC Threshold) 106M->28M(512M) 26.960ms
[2022-05-03T18:05:20.582+0000][12.284s] GC(4) User=0.17s Sys=0.00s Real=0.03s
[2022-05-03T18:05:20.582+0000][12.285s] GC(5) Concurrent Cycle
[2022-05-03T18:05:20.583+0000][12.285s] GC(5) Concurrent Clear Claimed Marks
[2022-05-03T18:05:20.583+0000][12.286s] GC(5) Concurrent Clear Claimed Marks 0.633ms
[2022-05-03T18:05:20.584+0000][12.287s] GC(5) Concurrent Scan Root Regions
[2022-05-03T18:05:20.591+0000][12.294s] GC(5) Concurrent Scan Root Regions 6.725ms
[2022-05-03T18:05:20.592+0000][12.294s] GC(5) Concurrent Mark (12.294s)
[2022-05-03T18:05:20.592+0000][12.295s] GC(5) Concurrent Mark From Roots
[2022-05-03T18:05:20.593+0000][12.296s] GC(5) Using 2 workers of 2 for marking
[2022-05-03T18:05:20.631+0000][12.333s] GC(5) Concurrent Mark From Roots 38.430ms
[2022-05-03T18:05:20.631+0000][12.334s] GC(5) Concurrent Preclean
[2022-05-03T18:05:20.632+0000][12.335s] GC(5) Concurrent Preclean 0.809ms
[2022-05-03T18:05:20.633+0000][12.336s] GC(5) Concurrent Mark (12.294s, 12.336s) 41.157ms
[2022-05-03T18:05:20.634+0000][12.337s] GC(5) Pause Remark
[2022-05-03T18:05:20.645+0000][12.348s] GC(5) Cleaned string and symbol table, strings: 15760 processed, 27 removed, symbols: 102167 processed, 126 removed
[2022-05-03T18:05:20.646+0000][12.349s] GC(5) Pause Remark 30M->30M(512M) 11.938ms
[2022-05-03T18:05:20.647+0000][12.349s] GC(5) User=0.08s Sys=0.00s Real=0.01s
[2022-05-03T18:05:20.647+0000][12.350s] GC(5) Concurrent Rebuild Remembered Sets
[2022-05-03T18:05:20.669+0000][12.371s] GC(5) Concurrent Rebuild Remembered Sets 21.325ms
[2022-05-03T18:05:20.670+0000][12.373s] GC(5) Pause Cleanup
[2022-05-03T18:05:20.671+0000][12.374s] GC(5) Pause Cleanup 31M->31M(512M) 1.146ms
[2022-05-03T18:05:20.672+0000][12.375s] GC(5) User=0.00s Sys=0.00s Real=0.00s
[2022-05-03T18:05:20.673+0000][12.375s] GC(5) Concurrent Cleanup for Next Mark
[2022-05-03T18:05:20.674+0000][12.377s] GC(5) Concurrent Cleanup for Next Mark 1.796ms
[2022-05-03T18:05:20.675+0000][12.378s] GC(5) Concurrent Cycle 92.969ms
[2022-05-03T18:05:22.793+0000][14.496s] GC(6) Pause Young (Normal) (G1 Evacuation Pause)
[2022-05-03T18:05:22.794+0000][14.497s] GC(6) Using 8 workers of 8 for evacuation
[2022-05-03T18:05:22.836+0000][14.539s] GC(6)   Pre Evacuate Collection Set: 0.0ms
[2022-05-03T18:05:22.837+0000][14.540s] GC(6)   Evacuate Collection Set: 37.1ms
[2022-05-03T18:05:22.838+0000][14.540s] GC(6)   Post Evacuate Collection Set: 4.6ms
[2022-05-03T18:05:22.838+0000][14.541s] GC(6)   Other: 1.6ms
[2022-05-03T18:05:22.839+0000][14.541s] GC(6) Eden regions: 108->0(151)
[2022-05-03T18:05:22.839+0000][14.542s] GC(6) Survivor regions: 6->10(15)
[2022-05-03T18:05:22.839+0000][14.542s] GC(6) Old regions: 21->21
[2022-05-03T18:05:22.840+0000][14.543s] GC(6) Humongous regions: 4->4
[2022-05-03T18:05:22.841+0000][14.543s] GC(6) Metaspace: 41658K->41658K(1087488K)
[2022-05-03T18:05:22.841+0000][14.544s] GC(6) Pause Young (Normal) (G1 Evacuation Pause) 136M->32M(512M) 47.955ms
[2022-05-03T18:05:22.842+0000][14.544s] GC(6) User=0.34s Sys=0.01s Real=0.05s
[2022-05-03T18:12:16.841+0000][428.544s] GC(7) Pause Young (Normal) (G1 Evacuation Pause)
[2022-05-03T18:12:16.842+0000][428.545s] GC(7) Using 8 workers of 8 for evacuation
[2022-05-03T18:12:16.896+0000][428.599s] GC(7)   Pre Evacuate Collection Set: 0.0ms
[2022-05-03T18:12:16.898+0000][428.601s] GC(7)   Evacuate Collection Set: 36.4ms
[2022-05-03T18:12:16.899+0000][428.601s] GC(7)   Post Evacuate Collection Set: 16.4ms
[2022-05-03T18:12:16.899+0000][428.602s] GC(7)   Other: 1.7ms
[2022-05-03T18:12:16.900+0000][428.603s] GC(7) Eden regions: 151->0(190)
[2022-05-03T18:12:16.901+0000][428.604s] GC(7) Survivor regions: 10->17(21)
[2022-05-03T18:12:16.901+0000][428.604s] GC(7) Old regions: 21->21
[2022-05-03T18:12:16.902+0000][428.605s] GC(7) Humongous regions: 7->7
[2022-05-03T18:12:16.902+0000][428.605s] GC(7) Metaspace: 49131K->49131K(1093632K)
[2022-05-03T18:12:16.903+0000][428.606s] GC(7) Pause Young (Normal) (G1 Evacuation Pause) 186M->42M(512M) 61.655ms
[2022-05-03T18:12:16.904+0000][428.607s] GC(7) User=0.37s Sys=0.02s Real=0.06s
