2022-05-03 21:41:01.211 INFO  (main) [   ] o.e.j.u.log Logging initialized @1093ms to org.eclipse.jetty.util.log.Slf4jLog
2022-05-03 21:41:01.512 INFO  (main) [   ] o.e.j.s.Server jetty-9.4.44.v20210927; built: 2021-09-27T23:02:44.612Z; git: 8da83308eeca865e495e53ef315a249d63ba9332; jvm 11.0.15+10
2022-05-03 21:41:01.528 INFO  (main) [   ] o.e.j.d.p.ScanningAppProvider Deployment monitor [file:///opt/solr-8.11.1/server/contexts/] at interval 0
2022-05-03 21:41:01.859 INFO  (main) [   ] o.e.j.w.StandardDescriptorProcessor NO JSP Support for /solr, did not find org.apache.jasper.servlet.JspServlet
2022-05-03 21:41:01.876 INFO  (main) [   ] o.e.j.s.session DefaultSessionIdManager workerName=node0
2022-05-03 21:41:01.876 INFO  (main) [   ] o.e.j.s.session No SessionScavenger set, using defaults
2022-05-03 21:41:01.879 INFO  (main) [   ] o.e.j.s.session node0 Scavenging every 600000ms
2022-05-03 21:41:01.948 INFO  (main) [   ] o.a.s.s.SolrDispatchFilter Using logger factory org.apache.logging.slf4j.Log4jLoggerFactory
2022-05-03 21:41:01.951 INFO  (main) [   ] o.a.s.s.SolrDispatchFilter  ___      _       Welcome to Apache Solr™ version 8.11.1
2022-05-03 21:41:01.951 INFO  (main) [   ] o.a.s.s.SolrDispatchFilter / __| ___| |_ _   Starting in standalone mode on port 8983
2022-05-03 21:41:01.951 INFO  (main) [   ] o.a.s.s.SolrDispatchFilter \__ \/ _ \ | '_|  Install dir: /opt/solr
2022-05-03 21:41:01.952 INFO  (main) [   ] o.a.s.s.SolrDispatchFilter |___/\___/_|_|    Start time: 2022-05-03T21:41:01.952136Z
2022-05-03 21:41:01.976 INFO  (main) [   ] o.a.s.c.SolrPaths Using system property solr.solr.home: /var/solr/data
2022-05-03 21:41:01.977 INFO  (main) [   ] o.a.s.c.SolrXmlConfig Loading container configuration from /var/solr/data/solr.xml
2022-05-03 21:41:02.044 INFO  (main) [   ] o.a.s.c.SolrXmlConfig MBean server found: com.sun.jmx.mbeanserver.JmxMBeanServer@4d1c005e, but no JMX reporters were configured - adding default JMX reporter.
2022-05-03 21:41:02.648 INFO  (main) [   ] o.a.s.h.c.HttpShardHandlerFactory Host whitelist initialized: WhitelistHostChecker [whitelistHosts=null, whitelistHostCheckingEnabled=true]
2022-05-03 21:41:02.773 WARN  (main) [   ] o.e.j.u.s.S.config Trusting all certificates configured for Client@3e5d4f6b[provider=null,keyStore=null,trustStore=null]
2022-05-03 21:41:02.773 WARN  (main) [   ] o.e.j.u.s.S.config No Client EndPointIdentificationAlgorithm configured for Client@3e5d4f6b[provider=null,keyStore=null,trustStore=null]
2022-05-03 21:41:02.928 WARN  (main) [   ] o.e.j.u.s.S.config Trusting all certificates configured for Client@c35af2a[provider=null,keyStore=null,trustStore=null]
2022-05-03 21:41:02.928 WARN  (main) [   ] o.e.j.u.s.S.config No Client EndPointIdentificationAlgorithm configured for Client@c35af2a[provider=null,keyStore=null,trustStore=null]
2022-05-03 21:41:02.969 WARN  (main) [   ] o.a.s.c.CoreContainer Not all security plugins configured!  authentication=disabled authorization=disabled.  Solr is only as secure as you make it. Consider configuring authentication/authorization before exposing Solr to users internal or external.  See https://s.apache.org/solrsecurity for more info
2022-05-03 21:41:03.125 INFO  (main) [   ] o.a.s.c.TransientSolrCoreCacheDefault Allocating transient core cache for max 2147483647 cores with initial capacity of 1024
2022-05-03 21:41:03.132 INFO  (main) [   ] o.a.s.h.a.MetricsHistoryHandler No .system collection, keeping metrics history in memory.
2022-05-03 21:41:03.196 INFO  (main) [   ] o.a.s.m.r.SolrJmxReporter JMX monitoring for 'solr.node' (registry 'solr.node') enabled at server: com.sun.jmx.mbeanserver.JmxMBeanServer@4d1c005e
2022-05-03 21:41:03.197 INFO  (main) [   ] o.a.s.m.r.SolrJmxReporter JMX monitoring for 'solr.jvm' (registry 'solr.jvm') enabled at server: com.sun.jmx.mbeanserver.JmxMBeanServer@4d1c005e
2022-05-03 21:41:03.198 INFO  (main) [   ] o.a.s.m.r.SolrJmxReporter JMX monitoring for 'solr.jetty' (registry 'solr.jetty') enabled at server: com.sun.jmx.mbeanserver.JmxMBeanServer@4d1c005e
2022-05-03 21:41:03.242 INFO  (main) [   ] o.a.s.c.CorePropertiesLocator Found 1 core definitions underneath /var/solr/data
2022-05-03 21:41:03.242 INFO  (main) [   ] o.a.s.c.CorePropertiesLocator Cores are: [mycore]
2022-05-03 21:41:03.292 INFO  (coreLoadExecutor-13-thread-1) [   x:mycore] o.a.s.c.SolrConfig Using Lucene MatchVersion: 8.11.0
2022-05-03 21:41:03.307 INFO  (main) [   ] o.e.j.s.h.ContextHandler Started o.e.j.w.WebAppContext@10650953{/solr,file:///opt/solr-8.11.1/server/solr-webapp/webapp/,AVAILABLE}{/opt/solr-8.11.1/server/solr-webapp/webapp}
2022-05-03 21:41:03.324 INFO  (main) [   ] o.e.j.s.AbstractConnector Started ServerConnector@6c5945a7{HTTP/1.1, (http/1.1, h2c)}{0.0.0.0:8983}
2022-05-03 21:41:03.324 INFO  (main) [   ] o.e.j.s.Server Started @3207ms
2022-05-03 21:41:03.325 WARN  (coreLoadExecutor-13-thread-1) [   x:mycore] o.a.s.c.SolrConfig solrconfig.xml: <jmx> is no longer supported, use solr.xml:/metrics/reporter section instead
2022-05-03 21:41:03.370 INFO  (coreLoadExecutor-13-thread-1) [   x:mycore] o.a.s.s.IndexSchema Schema name=default-config
2022-05-03 21:41:03.770 INFO  (coreLoadExecutor-13-thread-1) [   x:mycore] o.a.s.s.IndexSchema Loaded schema default-config/1.6 with uniqueid field id
2022-05-03 21:41:03.872 INFO  (coreLoadExecutor-13-thread-1) [   x:mycore] o.a.s.c.CoreContainer Creating SolrCore 'mycore' using configuration from instancedir /var/solr/data/mycore, trusted=true
2022-05-03 21:41:03.904 INFO  (coreLoadExecutor-13-thread-1) [   x:mycore] o.a.s.m.r.SolrJmxReporter JMX monitoring for 'solr.core.mycore' (registry 'solr.core.mycore') enabled at server: com.sun.jmx.mbeanserver.JmxMBeanServer@4d1c005e
2022-05-03 21:41:03.923 INFO  (coreLoadExecutor-13-thread-1) [   x:mycore] o.a.s.c.SolrCore [[mycore] ] Opening new SolrCore at [/var/solr/data/mycore], dataDir=[/var/solr/data/mycore/data/]
